{"C:\\Users\\essie\\ZyncLuxury\\backend\\src\\config\\redisClient.ts": {"path":"C:\\Users\\essie\\ZyncLuxury\\backend\\src\\config\\redisClient.ts","statementMap":{"0":{"start":{"line":1,"column":0},"end":{"line":1,"column":28}},"1":{"start":{"line":2,"column":0},"end":{"line":2,"column":28}},"2":{"start":{"line":3,"column":0},"end":{"line":3,"column":16}},"3":{"start":{"line":5,"column":0},"end":{"line":7,"column":1}},"4":{"start":{"line":6,"column":2},"end":{"line":6,"column":53}},"5":{"start":{"line":8,"column":20},"end":{"line":8,"column":52}},"6":{"start":{"line":9,"column":0},"end":{"line":9,"column":27}}},"fnMap":{},"branchMap":{"0":{"loc":{"start":{"line":5,"column":0},"end":{"line":7,"column":1}},"type":"if","locations":[{"start":{"line":5,"column":0},"end":{"line":7,"column":1}}]}},"s":{"0":0,"1":0,"2":0,"3":0,"4":0,"5":0,"6":0},"f":{},"b":{"0":[0]}}
,"C:\\Users\\essie\\ZyncLuxury\\backend\\src\\data\\roomdata.ts": {"path":"C:\\Users\\essie\\ZyncLuxury\\backend\\src\\data\\roomdata.ts","statementMap":{"0":{"start":{"line":1,"column":0},"end":{"line":1,"column":43}},"1":{"start":{"line":5,"column":13},"end":{"line":789,"column":2}}},"fnMap":{},"branchMap":{},"s":{"0":1,"1":1},"f":{},"b":{}}
,"C:\\Users\\essie\\ZyncLuxury\\backend\\src\\models\\Rooms.ts": {"path":"C:\\Users\\essie\\ZyncLuxury\\backend\\src\\models\\Rooms.ts","statementMap":{"0":{"start":{"line":1,"column":0},"end":{"line":1,"column":58}},"1":{"start":{"line":3,"column":0},"end":{"line":3,"column":null}},"2":{"start":{"line":4,"column":2},"end":{"line":4,"column":null}},"3":{"start":{"line":5,"column":2},"end":{"line":5,"column":null}},"4":{"start":{"line":6,"column":2},"end":{"line":6,"column":null}},"5":{"start":{"line":7,"column":2},"end":{"line":7,"column":null}},"6":{"start":{"line":10,"column":0},"end":{"line":10,"column":null}},"7":{"start":{"line":11,"column":2},"end":{"line":11,"column":null}},"8":{"start":{"line":12,"column":2},"end":{"line":12,"column":null}},"9":{"start":{"line":13,"column":2},"end":{"line":13,"column":null}},"10":{"start":{"line":39,"column":20},"end":{"line":70,"column":null}},"11":{"start":{"line":73,"column":0},"end":{"line":73,"column":69}},"12":{"start":{"line":75,"column":0},"end":{"line":75,"column":50}}},"fnMap":{"0":{"name":"(anonymous_0)","decl":{"start":{"line":3,"column":0},"end":{"line":3,"column":12}},"loc":{"start":{"line":3,"column":20},"end":{"line":8,"column":1}}},"1":{"name":"(anonymous_1)","decl":{"start":{"line":10,"column":0},"end":{"line":10,"column":12}},"loc":{"start":{"line":10,"column":23},"end":{"line":14,"column":1}}}},"branchMap":{"0":{"loc":{"start":{"line":3,"column":12},"end":{"line":3,"column":null}},"type":"binary-expr","locations":[{"start":{"line":3,"column":12},"end":{"line":3,"column":20}},{"start":{"line":3,"column":20},"end":{"line":3,"column":null}}]},"1":{"loc":{"start":{"line":10,"column":12},"end":{"line":10,"column":null}},"type":"binary-expr","locations":[{"start":{"line":10,"column":12},"end":{"line":10,"column":23}},{"start":{"line":10,"column":23},"end":{"line":10,"column":null}}]}},"s":{"0":0,"1":0,"2":0,"3":0,"4":0,"5":0,"6":0,"7":0,"8":0,"9":0,"10":0,"11":0,"12":0},"f":{"0":0,"1":0},"b":{"0":[0,0],"1":[0,0]}}
,"C:\\Users\\essie\\ZyncLuxury\\backend\\src\\services\\room.service.ts": {"path":"C:\\Users\\essie\\ZyncLuxury\\backend\\src\\services\\room.service.ts","statementMap":{"0":{"start":{"line":1,"column":0},"end":{"line":1,"column":56}},"1":{"start":{"line":2,"column":0},"end":{"line":2,"column":57}},"2":{"start":{"line":3,"column":0},"end":{"line":3,"column":48}},"3":{"start":{"line":5,"column":0},"end":{"line":5,"column":37}},"4":{"start":{"line":8,"column":20},"end":{"line":49,"column":1}},"5":{"start":{"line":13,"column":15},"end":{"line":13,"column":33}},"6":{"start":{"line":14,"column":19},"end":{"line":14,"column":81}},"7":{"start":{"line":17,"column":21},"end":{"line":17,"column":52}},"8":{"start":{"line":18,"column":2},"end":{"line":20,"column":3}},"9":{"start":{"line":19,"column":4},"end":{"line":19,"column":34}},"10":{"start":{"line":23,"column":16},"end":{"line":28,"column":11}},"11":{"start":{"line":31,"column":21},"end":{"line":31,"column":60}},"12":{"start":{"line":32,"column":20},"end":{"line":32,"column":49}},"13":{"start":{"line":33,"column":17},"end":{"line":43,"column":4}},"14":{"start":{"line":46,"column":2},"end":{"line":46,"column":73}},"15":{"start":{"line":48,"column":2},"end":{"line":48,"column":16}},"16":{"start":{"line":130,"column":2},"end":{"line":130,"column":13}},"17":{"start":{"line":52,"column":23},"end":{"line":68,"column":1}},"18":{"start":{"line":57,"column":15},"end":{"line":57,"column":33}},"19":{"start":{"line":58,"column":22},"end":{"line":58,"column":64}},"20":{"start":{"line":60,"column":21},"end":{"line":60,"column":60}},"21":{"start":{"line":61,"column":16},"end":{"line":64,"column":28}},"22":{"start":{"line":66,"column":20},"end":{"line":66,"column":49}},"23":{"start":{"line":67,"column":2},"end":{"line":67,"column":42}},"24":{"start":{"line":131,"column":2},"end":{"line":131,"column":16}},"25":{"start":{"line":71,"column":19},"end":{"line":84,"column":1}},"26":{"start":{"line":72,"column":15},"end":{"line":72,"column":70}},"27":{"start":{"line":73,"column":15},"end":{"line":73,"column":39}},"28":{"start":{"line":74,"column":31},"end":{"line":74,"column":52}},"29":{"start":{"line":75,"column":24},"end":{"line":75,"column":68}},"30":{"start":{"line":76,"column":2},"end":{"line":82,"column":3}},"31":{"start":{"line":77,"column":4},"end":{"line":77,"column":41}},"32":{"start":{"line":78,"column":4},"end":{"line":81,"column":7}},"33":{"start":{"line":83,"column":2},"end":{"line":83,"column":14}},"34":{"start":{"line":132,"column":2},"end":{"line":132,"column":12}},"35":{"start":{"line":87,"column":22},"end":{"line":104,"column":1}},"36":{"start":{"line":88,"column":19},"end":{"line":88,"column":31}},"37":{"start":{"line":91,"column":20},"end":{"line":91,"column":51}},"38":{"start":{"line":92,"column":2},"end":{"line":94,"column":3}},"39":{"start":{"line":93,"column":4},"end":{"line":93,"column":33}},"40":{"start":{"line":96,"column":15},"end":{"line":96,"column":74}},"41":{"start":{"line":97,"column":2},"end":{"line":99,"column":3}},"42":{"start":{"line":98,"column":4},"end":{"line":98,"column":37}},"43":{"start":{"line":102,"column":2},"end":{"line":102,"column":70}},"44":{"start":{"line":103,"column":2},"end":{"line":103,"column":14}},"45":{"start":{"line":133,"column":2},"end":{"line":133,"column":15}},"46":{"start":{"line":107,"column":19},"end":{"line":117,"column":1}},"47":{"start":{"line":108,"column":15},"end":{"line":111,"column":null}},"48":{"start":{"line":113,"column":2},"end":{"line":115,"column":3}},"49":{"start":{"line":114,"column":4},"end":{"line":114,"column":37}},"50":{"start":{"line":116,"column":2},"end":{"line":116,"column":14}},"51":{"start":{"line":134,"column":2},"end":{"line":134,"column":12}},"52":{"start":{"line":120,"column":19},"end":{"line":127,"column":1}},"53":{"start":{"line":121,"column":15},"end":{"line":121,"column":39}},"54":{"start":{"line":122,"column":2},"end":{"line":124,"column":3}},"55":{"start":{"line":123,"column":4},"end":{"line":123,"column":47}},"56":{"start":{"line":125,"column":2},"end":{"line":125,"column":36}},"57":{"start":{"line":126,"column":2},"end":{"line":126,"column":63}},"58":{"start":{"line":135,"column":2},"end":{"line":135,"column":12}}},"fnMap":{"0":{"name":"(anonymous_1)","decl":{"start":{"line":8,"column":20},"end":{"line":8,"column":25}},"loc":{"start":{"line":12,"column":26},"end":{"line":49,"column":1}}},"1":{"name":"(anonymous_2)","decl":{"start":{"line":52,"column":23},"end":{"line":52,"column":28}},"loc":{"start":{"line":56,"column":4},"end":{"line":68,"column":1}}},"2":{"name":"(anonymous_3)","decl":{"start":{"line":71,"column":19},"end":{"line":71,"column":24}},"loc":{"start":{"line":71,"column":72},"end":{"line":84,"column":1}}},"3":{"name":"(anonymous_4)","decl":{"start":{"line":87,"column":22},"end":{"line":87,"column":27}},"loc":{"start":{"line":87,"column":43},"end":{"line":104,"column":1}}},"4":{"name":"(anonymous_5)","decl":{"start":{"line":107,"column":19},"end":{"line":107,"column":24}},"loc":{"start":{"line":107,"column":62},"end":{"line":117,"column":1}}},"5":{"name":"(anonymous_6)","decl":{"start":{"line":120,"column":19},"end":{"line":120,"column":24}},"loc":{"start":{"line":120,"column":40},"end":{"line":127,"column":1}}}},"branchMap":{"0":{"loc":{"start":{"line":10,"column":2},"end":{"line":10,"column":18}},"type":"default-arg","locations":[{"start":{"line":10,"column":17},"end":{"line":10,"column":18}}]},"1":{"loc":{"start":{"line":11,"column":2},"end":{"line":11,"column":19}},"type":"default-arg","locations":[{"start":{"line":11,"column":18},"end":{"line":11,"column":19}}]},"2":{"loc":{"start":{"line":18,"column":2},"end":{"line":20,"column":3}},"type":"if","locations":[{"start":{"line":18,"column":2},"end":{"line":20,"column":3}}]},"3":{"loc":{"start":{"line":54,"column":2},"end":{"line":54,"column":18}},"type":"default-arg","locations":[{"start":{"line":54,"column":17},"end":{"line":54,"column":18}}]},"4":{"loc":{"start":{"line":55,"column":2},"end":{"line":55,"column":19}},"type":"default-arg","locations":[{"start":{"line":55,"column":18},"end":{"line":55,"column":19}}]},"5":{"loc":{"start":{"line":76,"column":2},"end":{"line":82,"column":3}},"type":"if","locations":[{"start":{"line":76,"column":2},"end":{"line":82,"column":3}}]},"6":{"loc":{"start":{"line":92,"column":2},"end":{"line":94,"column":3}},"type":"if","locations":[{"start":{"line":92,"column":2},"end":{"line":94,"column":3}}]},"7":{"loc":{"start":{"line":97,"column":2},"end":{"line":99,"column":3}},"type":"if","locations":[{"start":{"line":97,"column":2},"end":{"line":99,"column":3}}]},"8":{"loc":{"start":{"line":113,"column":2},"end":{"line":115,"column":3}},"type":"if","locations":[{"start":{"line":113,"column":2},"end":{"line":115,"column":3}}]},"9":{"loc":{"start":{"line":122,"column":2},"end":{"line":124,"column":3}},"type":"if","locations":[{"start":{"line":122,"column":2},"end":{"line":124,"column":3}}]}},"s":{"0":1,"1":1,"2":1,"3":1,"4":1,"5":2,"6":2,"7":2,"8":2,"9":1,"10":1,"11":1,"12":1,"13":1,"14":1,"15":1,"16":1,"17":1,"18":0,"19":0,"20":0,"21":0,"22":0,"23":0,"24":1,"25":1,"26":0,"27":0,"28":0,"29":0,"30":0,"31":0,"32":0,"33":0,"34":1,"35":1,"36":0,"37":0,"38":0,"39":0,"40":0,"41":0,"42":0,"43":0,"44":0,"45":1,"46":1,"47":0,"48":0,"49":0,"50":0,"51":1,"52":1,"53":0,"54":0,"55":0,"56":0,"57":0,"58":1},"f":{"0":2,"1":0,"2":0,"3":0,"4":0,"5":0},"b":{"0":[0],"1":[0],"2":[1],"3":[0],"4":[0],"5":[0],"6":[0],"7":[0],"8":[0],"9":[0]}}
}
