TN:
SF:src\config\redisClient.ts
FNF:0
FNH:0
DA:1,0
DA:2,0
DA:3,0
DA:5,0
DA:6,0
DA:8,0
DA:9,0
LF:7
LH:0
BRDA:5,0,0,0
BRF:1
BRH:0
end_of_record
TN:
SF:src\data\roomdata.ts
FNF:0
FNH:0
DA:1,1
DA:5,1
LF:2
LH:2
BRF:0
BRH:0
end_of_record
TN:
SF:src\models\Rooms.ts
FN:3,(anonymous_0)
FN:10,(anonymous_1)
FNF:2
FNH:0
FNDA:0,(anonymous_0)
FNDA:0,(anonymous_1)
DA:1,0
DA:3,0
DA:4,0
DA:5,0
DA:6,0
DA:7,0
DA:10,0
DA:11,0
DA:12,0
DA:13,0
DA:39,0
DA:73,0
DA:75,0
LF:13
LH:0
BRDA:3,0,0,0
BRDA:3,0,1,0
BRDA:10,1,0,0
BRDA:10,1,1,0
BRF:4
BRH:0
end_of_record
TN:
SF:src\services\room.service.ts
FN:8,(anonymous_1)
FN:52,(anonymous_2)
FN:71,(anonymous_3)
FN:87,(anonymous_4)
FN:107,(anonymous_5)
FN:120,(anonymous_6)
FNF:6
FNH:1
FNDA:2,(anonymous_1)
FNDA:0,(anonymous_2)
FNDA:0,(anonymous_3)
FNDA:0,(anonymous_4)
FNDA:0,(anonymous_5)
FNDA:0,(anonymous_6)
DA:1,1
DA:2,1
DA:3,1
DA:5,1
DA:8,1
DA:13,2
DA:14,2
DA:17,2
DA:18,2
DA:19,1
DA:23,1
DA:31,1
DA:32,1
DA:33,1
DA:46,1
DA:48,1
DA:52,1
DA:57,0
DA:58,0
DA:60,0
DA:61,0
DA:66,0
DA:67,0
DA:71,1
DA:72,0
DA:73,0
DA:74,0
DA:75,0
DA:76,0
DA:77,0
DA:78,0
DA:83,0
DA:87,1
DA:88,0
DA:91,0
DA:92,0
DA:93,0
DA:96,0
DA:97,0
DA:98,0
DA:102,0
DA:103,0
DA:107,1
DA:108,0
DA:113,0
DA:114,0
DA:116,0
DA:120,1
DA:121,0
DA:122,0
DA:123,0
DA:125,0
DA:126,0
DA:130,1
DA:131,1
DA:132,1
DA:133,1
DA:134,1
DA:135,1
LF:59
LH:27
BRDA:10,0,0,0
BRDA:11,1,0,0
BRDA:18,2,0,1
BRDA:54,3,0,0
BRDA:55,4,0,0
BRDA:76,5,0,0
BRDA:92,6,0,0
BRDA:97,7,0,0
BRDA:113,8,0,0
BRDA:122,9,0,0
BRF:10
BRH:1
end_of_record
